build/outputs/logs/manifest-merger-debug-report.txt
-- Merging decision tree log ---
manifest
ADDED from src/main/AndroidManifest.xml:2:1-70:12
	package
		ADDED from src/main/AndroidManifest.xml:3:5-40
		INJECTED from src/main/AndroidManifest.xml
		INJECTED from src/main/AndroidManifest.xml
	android:versionName
		INJECTED from src/main/AndroidManifest.xml
		INJECTED from src/main/AndroidManifest.xml
	xmlns:android
		ADDED from src/main/AndroidManifest.xml:2:11-69
	android:versionCode
		INJECTED from src/main/AndroidManifest.xml
		INJECTED from src/main/AndroidManifest.xml
uses-permission#android.permission.TRANSMIT_IR
ADDED from src/main/AndroidManifest.xml:5:5-70
	android:name
		ADDED from src/main/AndroidManifest.xml:5:22-67
uses-permission#android.permission.INTERNET
ADDED from src/main/AndroidManifest.xml:6:5-67
	android:name
		ADDED from src/main/AndroidManifest.xml:6:22-64
uses-permission#android.permission.ACCESS_NETWORK_STATE
ADDED from src/main/AndroidManifest.xml:7:5-79
	android:name
		ADDED from src/main/AndroidManifest.xml:7:22-76
uses-permission#android.permission.ACCESS_WIFI_STATE
ADDED from src/main/AndroidManifest.xml:8:5-76
	android:name
		ADDED from src/main/AndroidManifest.xml:8:22-73
uses-permission#android.permission.CHANGE_WIFI_MULTICAST_STATE
ADDED from src/main/AndroidManifest.xml:9:5-86
	android:name
		ADDED from src/main/AndroidManifest.xml:9:22-83
uses-permission-sdk-23
ADDED from src/main/AndroidManifest.xml:10:5-11:38
	android:maxSdkVersion
		ADDED from src/main/AndroidManifest.xml:11:9-35
	android:name
		ADDED from src/main/AndroidManifest.xml:10:29-50
uses-feature#android.hardware.ConsumerIrManager
ADDED from src/main/AndroidManifest.xml:12:5-71
	android:name
		ADDED from src/main/AndroidManifest.xml:12:19-68
supports-screens
ADDED from src/main/AndroidManifest.xml:15:5-20:40
	android:largeScreens
		ADDED from src/main/AndroidManifest.xml:17:9-36
	android:smallScreens
		ADDED from src/main/AndroidManifest.xml:19:9-36
	android:normalScreens
		ADDED from src/main/AndroidManifest.xml:18:9-37
	android:xlargeScreens
		ADDED from src/main/AndroidManifest.xml:20:9-37
	android:anyDensity
		ADDED from src/main/AndroidManifest.xml:16:9-34
application
ADDED from src/main/AndroidManifest.xml:23:5-68:19
MERGED from [com.android.support:design:23.0.0] AndroidManifest.xml:22:5-20
MERGED from [com.android.support:appcompat-v7:23.0.0] AndroidManifest.xml:22:5-20
MERGED from [com.android.support:support-v4:23.0.0] AndroidManifest.xml:22:5-20
MERGED from [com.android.support.constraint:constraint-layout:1.0.0] AndroidManifest.xml:9:5-20
	android:label
		ADDED from src/main/AndroidManifest.xml:26:9-41
	android:supportsRtl
		ADDED from src/main/AndroidManifest.xml:27:9-35
	android:allowBackup
		ADDED from src/main/AndroidManifest.xml:24:9-35
	android:icon
		ADDED from src/main/AndroidManifest.xml:25:9-37
	android:theme
		ADDED from src/main/AndroidManifest.xml:28:9-40
	android:name
		ADDED from src/main/AndroidManifest.xml:29:9-32
activity#com.example.buhalo.lazyir.MainActivity
ADDED from src/main/AndroidManifest.xml:30:9-39:20
	android:label
		ADDED from src/main/AndroidManifest.xml:32:13-45
	android:theme
		ADDED from src/main/AndroidManifest.xml:33:13-58
	android:name
		ADDED from src/main/AndroidManifest.xml:31:13-41
intent-filter#android.intent.action.MAIN+android.intent.category.LAUNCHER
ADDED from src/main/AndroidManifest.xml:34:13-38:29
action#android.intent.action.MAIN
ADDED from src/main/AndroidManifest.xml:35:17-69
	android:name
		ADDED from src/main/AndroidManifest.xml:35:25-66
category#android.intent.category.LAUNCHER
ADDED from src/main/AndroidManifest.xml:37:17-77
	android:name
		ADDED from src/main/AndroidManifest.xml:37:27-74
service#com.example.buhalo.lazyir.service.BackgroundService
ADDED from src/main/AndroidManifest.xml:41:9-61
	android:name
		ADDED from src/main/AndroidManifest.xml:41:18-59
receiver#com.example.buhalo.lazyir.service.NetworkChangeReceiver
ADDED from src/main/AndroidManifest.xml:44:9-49:20
	android:name
		ADDED from src/main/AndroidManifest.xml:44:19-64
intent-filter#android.net.conn.CONNECTIVITY_CHANGE
ADDED from src/main/AndroidManifest.xml:45:13-48:29
action#android.net.conn.CONNECTIVITY_CHANGE
ADDED from src/main/AndroidManifest.xml:46:17-79
	android:name
		ADDED from src/main/AndroidManifest.xml:46:25-76
receiver#layout.IrWidg
ADDED from src/main/AndroidManifest.xml:53:9-61:20
	android:name
		ADDED from src/main/AndroidManifest.xml:53:19-47
intent-filter#android.appwidget.action.APPWIDGET_UPDATE
ADDED from src/main/AndroidManifest.xml:54:13-56:29
action#android.appwidget.action.APPWIDGET_UPDATE
ADDED from src/main/AndroidManifest.xml:55:17-84
	android:name
		ADDED from src/main/AndroidManifest.xml:55:25-81
meta-data#android.appwidget.provider
ADDED from src/main/AndroidManifest.xml:58:13-60:56
	android:resource
		ADDED from src/main/AndroidManifest.xml:60:17-53
	android:name
		ADDED from src/main/AndroidManifest.xml:59:17-58
activity#layout.IrWidgConfigureActivity
ADDED from src/main/AndroidManifest.xml:63:9-67:20
	android:name
		ADDED from src/main/AndroidManifest.xml:63:19-64
intent-filter#android.appwidget.action.APPWIDGET_CONFIGURE
ADDED from src/main/AndroidManifest.xml:64:13-66:29
action#android.appwidget.action.APPWIDGET_CONFIGURE
ADDED from src/main/AndroidManifest.xml:65:17-87
	android:name
		ADDED from src/main/AndroidManifest.xml:65:25-84
uses-sdk
INJECTED from src/main/AndroidManifest.xml reason: use-sdk injection requested
MERGED from [com.android.support:design:23.0.0] AndroidManifest.xml:20:5-43
MERGED from [com.android.support:appcompat-v7:23.0.0] AndroidManifest.xml:20:5-43
MERGED from [com.android.support:support-v4:23.0.0] AndroidManifest.xml:20:5-43
MERGED from [com.android.support.constraint:constraint-layout:1.0.0] AndroidManifest.xml:5:5-7:41
	android:targetSdkVersion
		INJECTED from src/main/AndroidManifest.xml
		INJECTED from src/main/AndroidManifest.xml
	android:minSdkVersion
		INJECTED from src/main/AndroidManifest.xml
		INJECTED from src/main/AndroidManifest.xml